<?xml version="1.0" encoding="UTF-8"?>
<!-- Generated by org.testng.reporters.JUnitXMLReporter -->
<testsuite ignored="0" hostname="LAPTOP-9O7HKAGV" failures="0" tests="1" name="Login Test" time="0.051" errors="0" timestamp="2021-12-04T23:37:03 IST">
  <testcase classname="com.orangehrm.hybrid_demo.testBase.TestBase" name="@BeforeTest setUp" time="0.005">
    <failure type="java.lang.NullPointerException" message="Cannot invoke &amp;quot;org.openqa.selenium.WebDriver.manage()&amp;quot; because &amp;quot;com.orangehrm.hybrid_demo.testBase.TestBase.driver&amp;quot; is null">
      <![CDATA[java.lang.NullPointerException: Cannot invoke "org.openqa.selenium.WebDriver.manage()" because "com.orangehrm.hybrid_demo.testBase.TestBase.driver" is null
at com.orangehrm.hybrid_demo.testBase.TestBase.setUp(TestBase.java:43)
... Removed 24 stack frames]]>
    </failure>
  </testcase> <!-- @BeforeTest setUp -->
  <testcase classname="com.orangehrm.hybrid_demo.testBase.TestBase" name="@AfterTest tearDown" time="-1.638641223924E9">
    <skipped/>
  </testcase> <!-- @AfterTest tearDown -->
  <testcase classname="com.orangehrm.hybridframe_demo2021.testcases.LoginTC" name="loginToOrangeHrmTC002" time="0.0">
    <skipped/>
  </testcase> <!-- loginToOrangeHrmTC002 -->
</testsuite> <!-- Login Test -->
